[2014-08-13 10:30:39] [TRACE] [main] [net.selenate.server.package$] - Error in tryo: 
java.lang.ArithmeticException: / by zero
	at net.selenate.server.TEST$$anonfun$main$1.apply(TEST.scala:6) ~[classes/:na]
	at net.selenate.server.TEST$$anonfun$main$1.apply(TEST.scala:6) ~[classes/:na]
	at net.selenate.server.package$.tryo(package.scala:15) ~[classes/:na]
	at net.selenate.server.TEST$.main(TEST.scala:5) [classes/:na]
	at net.selenate.server.TEST.main(TEST.scala) [classes/:na]
[2014-08-13 10:30:52] [TRACE] [main] [net.selenate.server.package$] - Error in tryo: 
java.lang.ArithmeticException: / by zero
	at net.selenate.server.TEST$$anonfun$main$1.apply(TEST.scala:7) ~[classes/:na]
	at net.selenate.server.TEST$$anonfun$main$1.apply(TEST.scala:7) ~[classes/:na]
	at net.selenate.server.package$.tryo(package.scala:15) ~[classes/:na]
	at net.selenate.server.TEST$.main(TEST.scala:6) [classes/:na]
	at net.selenate.server.TEST.main(TEST.scala) [classes/:na]
[2014-08-13 10:31:21] [TRACE] [main] [net.selenate.server.package$] - Error in tryo: 
java.lang.ArithmeticException: / by zero
	at net.selenate.server.TEST$$anonfun$main$1.apply(TEST.scala:7) ~[classes/:na]
	at net.selenate.server.TEST$$anonfun$main$1.apply(TEST.scala:7) ~[classes/:na]
	at net.selenate.server.package$.tryo(package.scala:15) ~[classes/:na]
	at net.selenate.server.TEST$.main(TEST.scala:6) [classes/:na]
	at net.selenate.server.TEST.main(TEST.scala) [classes/:na]
[2014-08-13 10:32:11] [TRACE] [main] [net.selenate.server.package$] - Error in tryo: 
java.lang.ArithmeticException: / by zero
	at net.selenate.server.TEST$$anonfun$main$1.apply(TEST.scala:7) ~[classes/:na]
	at net.selenate.server.TEST$$anonfun$main$1.apply(TEST.scala:7) ~[classes/:na]
	at net.selenate.server.package$.tryo(package.scala:15) ~[classes/:na]
	at net.selenate.server.TEST$.main(TEST.scala:6) [classes/:na]
	at net.selenate.server.TEST.main(TEST.scala) [classes/:na]
[2014-08-13 10:32:15] [TRACE] [main] [net.selenate.server.package$] - Error in tryo: 
java.lang.ArithmeticException: / by zero
	at net.selenate.server.TEST$$anonfun$main$1.apply(TEST.scala:7) ~[classes/:na]
	at net.selenate.server.TEST$$anonfun$main$1.apply(TEST.scala:7) ~[classes/:na]
	at net.selenate.server.package$.tryo(package.scala:15) ~[classes/:na]
	at net.selenate.server.TEST$.main(TEST.scala:6) [classes/:na]
	at net.selenate.server.TEST.main(TEST.scala) [classes/:na]
[2014-08-13 10:32:43] [ERROR] [main] [net.selenate.server.package$] - Error in tryo: 
java.lang.ArithmeticException: / by zero
	at net.selenate.server.TEST$$anonfun$main$1.apply(TEST.scala:7) ~[classes/:na]
	at net.selenate.server.TEST$$anonfun$main$1.apply(TEST.scala:7) ~[classes/:na]
	at net.selenate.server.package$.tryo(package.scala:15) ~[classes/:na]
	at net.selenate.server.TEST$.main(TEST.scala:6) [classes/:na]
	at net.selenate.server.TEST.main(TEST.scala) [classes/:na]
[2014-08-13 11:00:00] [INFO ] [main] [net.selenate.server.TEST$] - STARTING!!!!!!!!!!!
[2014-08-13 11:00:00] [ERROR] [main] [net.selenate.server.package$] - Error in tryo: 
java.lang.ArithmeticException: / by zero
	at net.selenate.server.TEST$$anonfun$main$1.apply(TEST.scala:10) ~[classes/:na]
	at net.selenate.server.TEST$$anonfun$main$1.apply(TEST.scala:10) ~[classes/:na]
	at net.selenate.server.package$.tryo(package.scala:15) ~[classes/:na]
	at net.selenate.server.TEST$.main(TEST.scala:9) [classes/:na]
	at net.selenate.server.TEST.main(TEST.scala) [classes/:na]
